# JRE version: OpenJDK Runtime Environment (17.0.11) (build 17.0.11+0--11852314)
# Java VM: OpenJDK 64-Bit Server VM (17.0.11+0--11852314, mixed mode, tiered, compressed oops, compressed class ptrs, g1 gc, windows-amd64)
GC Precious Log:
 CPUs: 16 total, 16 available
 Memory: 8061M
 Large Page Support: Disabled
 NUMA Support: Disabled
 Compressed Oops: Enabled (Zero based)
 Heap Region Size: 2M
 Heap Min Capacity: 8M
 Heap Initial Capacity: 126M
 Heap Max Capacity: 4G
 Pre-touch: Disabled
 Parallel Workers: 13
 Concurrent Workers: 3
 Concurrent Refinement Workers: 13
 Periodic GC: Disabled
Heap:
 garbage-first heap   total 372736K, used 243338K [0x0000000700000000, 0x0000000800000000)
  region size 2048K, 44 young (90112K), 4 survivors (8192K)
 Metaspace       used 118697K, committed 119808K, reserved 1179648K
  class space    used 15953K, committed 16448K, reserved 1048576K
GC Heap History (20 events):
Event: 17.266 GC heap before
{Heap before GC invocations=47 (full 0):
 garbage-first heap   total 163840K, used 132827K [0x0000000700000000, 0x0000000800000000)
  region size 2048K, 22 young (45056K), 2 survivors (4096K)
 Metaspace       used 100641K, committed 101440K, reserved 1179648K
  class space    used 13671K, committed 14016K, reserved 1048576K
}
Event: 17.272 GC heap after
{Heap after GC invocations=48 (full 0):
 garbage-first heap   total 163840K, used 103144K [0x0000000700000000, 0x0000000800000000)
  region size 2048K, 3 young (6144K), 3 survivors (6144K)
 Metaspace       used 100641K, committed 101440K, reserved 1179648K
  class space    used 13671K, committed 14016K, reserved 1048576K
}
Event: 17.774 GC heap before
{Heap before GC invocations=49 (full 0):
 garbage-first heap   total 184320K, used 129768K [0x0000000700000000, 0x0000000800000000)
  region size 2048K, 16 young (32768K), 3 survivors (6144K)
 Metaspace       used 101563K, committed 102336K, reserved 1179648K
  class space    used 13846K, committed 14144K, reserved 1048576K
}
Event: 17.778 GC heap after
{Heap after GC invocations=50 (full 0):
 garbage-first heap   total 184320K, used 106140K [0x0000000700000000, 0x0000000800000000)
  region size 2048K, 2 young (4096K), 2 survivors (4096K)
 Metaspace       used 101563K, committed 102336K, reserved 1179648K
  class space    used 13846K, committed 14144K, reserved 1048576K
}
Event: 18.766 GC heap before
{Heap before GC invocations=50 (full 0):
 garbage-first heap   total 184320K, used 145052K [0x0000000700000000, 0x0000000800000000)
  region size 2048K, 22 young (45056K), 2 survivors (4096K)
 Metaspace       used 102086K, committed 102912K, reserved 1179648K
  class space    used 13918K, committed 14272K, reserved 1048576K
}
Event: 18.774 GC heap after
{Heap after GC invocations=51 (full 0):
 garbage-first heap   total 221184K, used 116682K [0x0000000700000000, 0x0000000800000000)
  region size 2048K, 3 young (6144K), 3 survivors (6144K)
 Metaspace       used 102086K, committed 102912K, reserved 1179648K
  class space    used 13918K, committed 14272K, reserved 1048576K
}
Event: 19.598 GC heap before
{Heap before GC invocations=52 (full 0):
 garbage-first heap   total 221184K, used 169930K [0x0000000700000000, 0x0000000800000000)
  region size 2048K, 30 young (61440K), 3 survivors (6144K)
 Metaspace       used 102502K, committed 103360K, reserved 1179648K
  class space    used 13985K, committed 14336K, reserved 1048576K
}
Event: 19.607 GC heap after
{Heap after GC invocations=53 (full 0):
 garbage-first heap   total 221184K, used 129934K [0x0000000700000000, 0x0000000800000000)
  region size 2048K, 4 young (8192K), 4 survivors (8192K)
 Metaspace       used 102502K, committed 103360K, reserved 1179648K
  class space    used 13985K, committed 14336K, reserved 1048576K
}
Event: 20.183 GC heap before
{Heap before GC invocations=53 (full 0):
 garbage-first heap   total 221184K, used 170894K [0x0000000700000000, 0x0000000800000000)
  region size 2048K, 24 young (49152K), 4 survivors (8192K)
 Metaspace       used 103057K, committed 104064K, reserved 1179648K
  class space    used 14060K, committed 14464K, reserved 1048576K
}
Event: 20.192 GC heap after
{Heap after GC invocations=54 (full 0):
 garbage-first heap   total 221184K, used 138921K [0x0000000700000000, 0x0000000800000000)
  region size 2048K, 3 young (6144K), 3 survivors (6144K)
 Metaspace       used 103057K, committed 104064K, reserved 1179648K
  class space    used 14060K, committed 14464K, reserved 1048576K
}
Event: 20.713 GC heap before
{Heap before GC invocations=55 (full 0):
 garbage-first heap   total 245760K, used 173737K [0x0000000700000000, 0x0000000800000000)
  region size 2048K, 20 young (40960K), 3 survivors (6144K)
 Metaspace       used 105954K, committed 106944K, reserved 1179648K
  class space    used 14535K, committed 14976K, reserved 1048576K
}
Event: 20.719 GC heap after
{Heap after GC invocations=56 (full 0):
 garbage-first heap   total 245760K, used 143410K [0x0000000700000000, 0x0000000800000000)
  region size 2048K, 2 young (4096K), 2 survivors (4096K)
 Metaspace       used 105954K, committed 106944K, reserved 1179648K
  class space    used 14535K, committed 14976K, reserved 1048576K
}
Event: 21.526 GC heap before
{Heap before GC invocations=56 (full 0):
 garbage-first heap   total 245760K, used 190514K [0x0000000700000000, 0x0000000800000000)
  region size 2048K, 25 young (51200K), 2 survivors (4096K)
 Metaspace       used 110001K, committed 110976K, reserved 1179648K
  class space    used 15033K, committed 15424K, reserved 1048576K
}
Event: 21.534 GC heap after
{Heap after GC invocations=57 (full 0):
 garbage-first heap   total 245760K, used 150775K [0x0000000700000000, 0x0000000800000000)
  region size 2048K, 4 young (8192K), 4 survivors (8192K)
 Metaspace       used 110001K, committed 110976K, reserved 1179648K
  class space    used 15033K, committed 15424K, reserved 1048576K
}
Event: 22.083 GC heap before
{Heap before GC invocations=58 (full 0):
 garbage-first heap   total 270336K, used 189687K [0x0000000700000000, 0x0000000800000000)
  region size 2048K, 24 young (49152K), 4 survivors (8192K)
 Metaspace       used 110954K, committed 111936K, reserved 1179648K
  class space    used 15154K, committed 15552K, reserved 1048576K
}
Event: 22.094 GC heap after
{Heap after GC invocations=59 (full 0):
 garbage-first heap   total 270336K, used 158946K [0x0000000700000000, 0x0000000800000000)
  region size 2048K, 3 young (6144K), 3 survivors (6144K)
 Metaspace       used 110954K, committed 111936K, reserved 1179648K
  class space    used 15154K, committed 15552K, reserved 1048576K
}
Event: 22.139 GC heap before
{Heap before GC invocations=59 (full 0):
 garbage-first heap   total 270336K, used 163042K [0x0000000700000000, 0x0000000800000000)
  region size 2048K, 6 young (12288K), 3 survivors (6144K)
 Metaspace       used 111105K, committed 112192K, reserved 1179648K
  class space    used 15171K, committed 15616K, reserved 1048576K
}
Event: 22.144 GC heap after
{Heap after GC invocations=60 (full 0):
 garbage-first heap   total 270336K, used 160139K [0x0000000700000000, 0x0000000800000000)
  region size 2048K, 1 young (2048K), 1 survivors (2048K)
 Metaspace       used 111105K, committed 112192K, reserved 1179648K
  class space    used 15171K, committed 15616K, reserved 1048576K
}
Event: 22.920 GC heap before
{Heap before GC invocations=60 (full 0):
 garbage-first heap   total 270336K, used 211339K [0x0000000700000000, 0x0000000800000000)
  region size 2048K, 26 young (53248K), 1 survivors (2048K)
 Metaspace       used 113896K, committed 114944K, reserved 1179648K
  class space    used 15470K, committed 15936K, reserved 1048576K
}
Event: 22.927 GC heap after
{Heap after GC invocations=61 (full 0):
 garbage-first heap   total 372736K, used 165514K [0x0000000700000000, 0x0000000800000000)
  region size 2048K, 4 young (8192K), 4 survivors (8192K)
 Metaspace       used 113896K, committed 114944K, reserved 1179648K
  class space    used 15470K, committed 15936K, reserved 1048576K
}

